<?xml version="1.0" encoding="UTF-8"?>
<testsuite name="org.example.SportCompetitionTest" tests="1" skipped="0" failures="0" errors="0" timestamp="2025-01-30T16:35:14" hostname="DESKTOP-OP837B2" time="0.853">
  <properties/>
  <testcase name="testSettersAndGetters()" classname="org.example.SportCompetitionTest" time="0.853"/>
  <system-out><![CDATA[]]></system-out>
  <system-err><![CDATA[]]></system-err>
</testsuite>
