<?xml version="1.0" encoding="UTF-8"?>
<testsuite name="org.example.SportCompetitionTest" tests="6" skipped="0" failures="0" errors="0" timestamp="2025-01-20T21:25:58" hostname="DESKTOP-OP837B2" time="0.087">
  <properties/>
  <testcase name="testParticipants()" classname="org.example.SportCompetitionTest" time="0.035"/>
  <testcase name="testConstructorInitialization()" classname="org.example.SportCompetitionTest" time="0.005"/>
  <testcase name="testInvalidParticipantsSetter()" classname="org.example.SportCompetitionTest" time="0.007"/>
  <testcase name="testStartCompetition()" classname="org.example.SportCompetitionTest" time="0.017"/>
  <testcase name="testInvalidParticipantsInConstructor()" classname="org.example.SportCompetitionTest" time="0.004"/>
  <testcase name="testCompetitionName()" classname="org.example.SportCompetitionTest" time="0.003"/>
  <system-out><![CDATA[]]></system-out>
  <system-err><![CDATA[]]></system-err>
</testsuite>
